Arguments: 
  /home/muhammad/.nvm/versions/node/v16.17.0/bin/node /usr/local/bin/yarn

PATH: 
  /home/muhammad/.rvm/gems/ruby-2.7.2/bin:/home/muhammad/.rvm/gems/ruby-2.7.2@global/bin:/home/muhammad/.rvm/rubies/ruby-2.7.2/bin:/home/muhammad/.nvm/versions/node/v16.17.0/bin:/usr/local/sbin:/usr/local/bin:/usr/sbin:/usr/bin:/sbin:/bin:/usr/games:/usr/local/games:/snap/bin:/home/muhammad/.rvm/bin:/home/muhammad/.local/share/JetBrains/Toolbox/scripts:/home/muhammad/.rvm/bin:/home/muhammad/.rvm/bin:/home/muhammad/.local/share/JetBrains/Toolbox/scripts:/home/muhammad/.local/share/JetBrains/Toolbox/scripts:/home/muhammad/.rvm/bin

Yarn version: 
  1.22.19

Node version: 
  16.17.0

Platform: 
  linux x64

Trace: 
  Error: https://registry.yarnpkg.com/react: ETIMEDOUT
      at Timeout._onTimeout (/usr/local/lib/node_modules/yarn/lib/cli.js:141550:19)
      at listOnTimeout (node:internal/timers:559:17)
      at processTimers (node:internal/timers:502:7)

npm manifest: 
  {
    "name": "client",
    "private": true,
    "version": "0.0.0",
    "type": "module",
    "scripts": {
      "dev": "vite",
      "build": "vite build",
      "preview": "vite preview"
    },
    "dependencies": {
      "react": "^18.2.0",
      "react-dom": "^18.2.0"
    },
    "devDependencies": {
      "@types/react": "^18.0.28",
      "@types/react-dom": "^18.0.11",
      "@vitejs/plugin-react": "^3.1.0",
      "vite": "^4.2.0"
    }
  }

yarn manifest: 
  No manifest

Lockfile: 
  No lockfile
